<?xml version="1.0" encoding="UTF-8"?>
<!-- Generated by org.testng.reporters.JUnitReportReporter -->
<testsuite hostname="Dell-Vostro" failures="0" tests="4" name="SearchPageTest" time="686.411" errors="0" timestamp="2022-09-16T17:37:40 CEST" skipped="0">
  <testcase classname="SearchPageTest" name="searchNotEmpty" time="60.372"/>
  <system-out/>
  <testcase classname="SearchPageTest" name="searchNotEmpty" time="29.199"/>
  <system-out/>
  <testcase classname="SearchPageTest" name="isSearch" time="314.774"/>
  <system-out/>
  <testcase classname="SearchPageTest" name="isSearch" time="282.066"/>
  <system-out/>
</testsuite> <!-- SearchPageTest -->
