<?xml version="1.0" encoding="UTF-8"?>
<!-- Generated by org.testng.reporters.JUnitReportReporter -->
<testsuite hostname="Dell-Vostro" failures="0" tests="4" name="HomeTest" time="474.066" errors="0" timestamp="2022-09-16T17:37:40 CEST" skipped="0">
  <testcase classname="HomeTest" name="open" time="194.236"/>
  <system-out/>
  <testcase classname="HomeTest" name="checkTitle" time="194.085"/>
  <system-out/>
  <testcase classname="HomeTest" name="checkTitle" time="27.833"/>
  <system-out/>
  <testcase classname="HomeTest" name="open" time="57.912"/>
  <system-out/>
</testsuite> <!-- HomeTest -->
